gcc -fno-pic -static -fno-builtin -fno-strict-aliasing -Wall -MD -ggdb -m32 -Werror -fno-omit-frame-pointer -fno-stack-protector -fno-pie -no-pie   -c -o proc.o proc.c
ld -m    elf_i386 -T kernel.ld -o kernel entry.o bio.o console.o exec.o file.o fs.o ide.o ioapic.o kalloc.o kbd.o lapic.o log.o main.o mp.o picirq.o pipe.o proc.o sleeplock.o spinlock.o string.o swtch.o syscall.o sysfile.o sysproc.o trapasm.o trap.o uart.o vectors.o vm.o random.o  -b binary initcode entryother
objdump -S kernel > kernel.asm
objdump -t kernel | sed '1,/SYMBOL TABLE/d; s/ .* / /; /^$/d' > kernel.sym
dd if=/dev/zero of=xv6.img count=10000
dd if=bootblock of=xv6.img conv=notrunc
dd if=kernel of=xv6.img seek=1 conv=notrunc
qemu-system-i386 -nographic -drive file=fs.img,index=1,media=disk,format=raw -drive file=xv6.img,index=0,media=disk,format=raw -smp 2 -m 512 
c[?7l[2J[0mSeaBIOS (version 1.15.0-1)


iPXE (https://ipxe.org) 00:03.0 CA00 PCI2.10 PnP PMM+1FF8B4A0+1FECB4A0 CA00
Press Ctrl-B to configure iPXE (PCI 00:03.0)...                                                                               


Booting from Hard Disk..xv6...
cpu0: starting 0
Current is 0 ticks, pid 1 runs 0 ticks 
Current is 0 ticks, pid 1 runs 0 ticks 
sb: size 1000 nblocks 941 ninodes 200 nlog 30 logstart 2 inodestart 32 bmap start 58
Current is 0 ticks, pid 1 runs 0 ticks 
Current is 0 ticks, pid 1 runs 0 ticks 
Current is 0 ticks, pid 1 runs 0 ticks 
Current is 0 ticks, pid 1 runs 0 ticks 
Current is 0 ticks, pid 1 runs 0 ticks 
Current is 1 ticks, pid 1 runs 1 ticks 
Current is 1 ticks, pid 1 runs 1 ticks 
Current is 1 ticks, pid 1 runs 1 ticks 
Current is 1 ticks, pid 1 runs 1 ticks 
Current is 1 ticks, pid 1 runs 1 ticks 
Current is 1 ticks, pid 1 runs 1 ticks 
Current is 2 ticks, pid 1 runs 2 ticks 
Current is 2 ticks, pid 1 runs 2 ticks 
init: starting sh
Current is 2 ticks, pid 2 runs 0 ticks 
Current is 3 ticks, pid 2 runs 1 ticks 
Current is 3 ticks, pid 2 runs 1 ticks 
Current is 3 ticks, pid 2 runs 1 ticks 
Current is 3 ticks, pid 2 runs 1 ticks 
Current is 3 ticks, pid 2 runs 1 ticks 
Current is 3 ticks, pid 2 runs 1 ticks 
Current is 3 ticks, pid 2 runs 1 ticks 
Current is 4 ticks, pid 2 runs 2 ticks 
Current is 4 ticks, pid 2 runs 2 ticks 
Current is 4 ticks, pid 2 runs 2 ticks 
Current is 4 ticks, pid 2 runs 2 ticks 
Current is 4 ticks, pid 2 runs 2 ticks 
Current is 4 ticks, pid 2 runs 2 ticks 
Current is 4 ticks, pid 2 runs 2 ticks 
Current is 4 ticks, pid 2 runs 2 ticks 
Current is 4 ticks, pid 2 runs 2 ticks 
Current is 4 ticks, pid 2 runs 2 ticks 
Current is 4 ticks, pid 2 runs 2 ticks 
$ Current is 5 ticks, pid 2 runs 3 ticks 
lotterytest
Current is 5 ticks, pid 2 runs 3 ticks 
Current is 6 ticks, pid 2 runs 4 ticks 
Current is 6 ticks, pid 3 runs 0 ticks 
Current is 6 ticks, pid 3 runs 0 ticks 
Current is 7 ticks, pid 3 runs 1 ticks 
Current is 7 ticks, pid 3 runs 1 ticks 
Current is 7 ticks, pid 3 runs 1 ticks 
Current is 7 ticks, pid 3 runs 1 ticks 
Current is 7 ticks, pid 3 runs 1 ticks 
Current is 7 ticks, pid 3 runs 1 ticks 
Current is 8 ticks, pid 3 runs 2 ticks 
Current is 9 ticks, pid 3 runs 3 ticks 
Current is 9 ticks, pid 4 runs 0 ticks 
Current is 10 ticks, pid 4 runs 1 ticks 
Current is 11 ticks, pid 6 runs 0 ticks 
Current is 12 ticks, pid 6 runs 1 ticks 
Current is 13 ticks, pid 6 runs 2 ticks 
Current is 14 ticks, pid 6 runs 3 ticks 
Current is 15 ticks, pid 6 runs 4 ticks 
Current is 16 ticks, pid 4 runs 2 ticks 
Current is 17 ticks, pid 6 runs 5 ticks 
Current is 18 ticks, pid 5 runs 0 ticks 
Current is 19 ticks, pid 6 runs 6 ticks 
Current is 20 ticks, pid 6 runs 7 ticks 
Current is 500 ticks, pid 5 runs 174 ticks 
Current is 501 ticks, pid 6 runs 234 ticks 
Current is 502 ticks, pid 5 runs 175 ticks 
Current is 503 ticks, pid 5 runs 176 ticks 
Current is 504 ticks, pid 6 runs 235 ticks 
Current is 505 ticks, pid 5 runs 177 ticks 
Current is 506 ticks, pid 4 runs 83 ticks 
Current is 507 ticks, pid 4 runs 84 ticks 
Current is 508 ticks, pid 5 runs 178 ticks 
Current is 509 ticks, pid 6 runs 236 ticks 
Current is 510 ticks, pid 5 runs 179 ticks 
Current is 511 ticks, pid 4 runs 85 ticks 
Current is 512 ticks, pid 6 runs 237 ticks 
Current is 513 ticks, pid 6 runs 238 ticks 
Current is 514 ticks, pid 6 runs 239 ticks 
Current is 515 ticks, pid 6 runs 240 ticks 
Current is 516 ticks, pid 4 runs 86 ticks 
Current is 517 ticks, pid 5 runs 180 ticks 
Current is 518 ticks, pid 6 runs 241 ticks 
Current is 519 ticks, pid 6 runs 242 ticks 
Current is 520 ticks, pid 6 runs 243 ticks 
Current is 1000 ticks, pid 5 runs 329 ticks 
Current is 1001 ticks, pid 6 runs 480 ticks 
Current is 1002 ticks, pid 5 runs 330 ticks 
Current is 1003 ticks, pid 6 runs 481 ticks 
Current is 1004 ticks, pid 5 runs 331 ticks 
Current is 1005 ticks, pid 6 runs 482 ticks 
Current is 1006 ticks, pid 5 runs 332 ticks 
Current is 1007 ticks, pid 6 runs 483 ticks 
Current is 1008 ticks, pid 6 runs 484 ticks 
Current is 1009 ticks, pid 5 runs 333 ticks 
Current is 1010 ticks, pid 5 runs 334 ticks 
Current is 1011 ticks, pid 6 runs 485 ticks 
Current is 1012 ticks, pid 6 runs 486 ticks 
Current is 1013 ticks, pid 4 runs 182 ticks 
Current is 1014 ticks, pid 5 runs 335 ticks 
Current is 1015 ticks, pid 4 runs 183 ticks 
Current is 1016 ticks, pid 6 runs 487 ticks 
Current is 1017 ticks, pid 6 runs 488 ticks 
Current is 1018 ticks, pid 6 runs 489 ticks 
Current is 1019 ticks, pid 5 runs 336 ticks 
Current is 1020 ticks, pid 4 runs 184 ticks 
Current is 1500 ticks, pid 5 runs 498 ticks 
Current is 1501 ticks, pid 6 runs 717 ticks 
Current is 1502 ticks, pid 4 runs 276 ticks 
Current is 1503 ticks, pid 6 runs 718 ticks 
Current is 1504 ticks, pid 4 runs 277 ticks 
Current is 1505 ticks, pid 5 runs 499 ticks 
Current is 1506 ticks, pid 6 runs 719 ticks 
Current is 1507 ticks, pid 5 runs 500 ticks 
Current is 1508 ticks, pid 6 runs 720 ticks 
Current is 1509 ticks, pid 5 runs 501 ticks 
Current is 1510 ticks, pid 4 runs 278 ticks 
Current is 1511 ticks, pid 5 runs 502 ticks 
Current is 1512 ticks, pid 5 runs 503 ticks 
Current is 1513 ticks, pid 4 runs 279 ticks 
Current is 1514 ticks, pid 5 runs 504 ticks 
Current is 1515 ticks, pid 6 runs 721 ticks 
Current is 1516 ticks, pid 6 runs 722 ticks 
Current is 1517 ticks, pid 6 runs 723 ticks 
Current is 1518 ticks, pid 6 runs 724 ticks 
Current is 1519 ticks, pid 6 runs 725 ticks 
Current is 1520 ticks, pid 4 runs 280 ticks 
Current is 2000 ticks, pid 6 runs 950 ticks 
Current is 2001 ticks, pid 6 runs 951 ticks 
Current is 2002 ticks, pid 6 runs 952 ticks 
Current is 2003 ticks, pid 6 runs 953 ticks 
Current is 2004 ticks, pid 6 runs 954 ticks 
Current is 2005 ticks, pid 4 runs 366 ticks 
Current is 2006 ticks, pid 4 runs 367 ticks 
Current is 2007 ticks, pid 6 runs 955 ticks 
Current is 2008 ticks, pid 6 runs 956 ticks 
Current is 2009 ticks, pid 6 runs 957 ticks 
Current is 2010 ticks, pid 5 runs 675 ticks 
Current is 2011 ticks, pid 5 runs 676 ticks 
Current is 2012 ticks, pid 5 runs 677 ticks 
Current is 2013 ticks, pid 5 runs 678 ticks 
Current is 2014 ticks, pid 4 runs 368 ticks 
Current is 2015 ticks, pid 5 runs 679 ticks 
Current is 2016 ticks, pid 4 runs 369 ticks 
Current is 2017 ticks, pid 6 runs 958 ticks 
Current is 2018 ticks, pid 6 runs 959 ticks 
Current is 2019 ticks, pid 6 runs 960 ticks 
Current is 2020 ticks, pid 6 runs 961 ticks 
Current is 2500 ticks, pid 5 runs 837 ticks 
Current is 2501 ticks, pid 5 runs 838 ticks 
Current is 2502 ticks, pid 6 runs 1192 ticks 
Current is 2503 ticks, pid 5 runs 839 ticks 
Current is 2504 ticks, pid 5 runs 840 ticks 
Current is 2505 ticks, pid 6 runs 1193 ticks 
Current is 2506 ticks, pid 5 runs 841 ticks 
Current is 2507 ticks, pid 6 runs 1194 ticks 
Current is 2508 ticks, pid 5 runs 842 ticks 
Current is 2509 ticks, pid 4 runs 462 ticks 
Current is 2510 ticks, pid 4 runs 463 ticks 
Current is 2511 ticks, pid 5 runs 843 ticks 
Current is 2512 ticks, pid 5 runs 844 ticks 
Current is 2513 ticks, pid 4 runs 464 ticks 
Current is 2514 ticks, pid 6 runs 1195 ticks 
Current is 2515 ticks, pid 6 runs 1196 ticks 
Current is 2516 ticks, pid 4 runs 465 ticks 
Current is 2517 ticks, pid 6 runs 1197 ticks 
Current is 2518 ticks, pid 6 runs 1198 ticks 
Current is 2519 ticks, pid 5 runs 845 ticks 
Current is 2520 ticks, pid 5 runs 846 ticks 
Current is 3000 ticks, pid 5 runs 1017 ticks 
Current is 3001 ticks, pid 6 runs 1440 ticks 
Current is 3002 ticks, pid 5 runs 1018 ticks 
Current is 3003 ticks, pid 6 runs 1441 ticks 
Current is 3004 ticks, pid 6 runs 1442 ticks 
Current is 3005 ticks, pid 6 runs 1443 ticks 
Current is 3006 ticks, pid 4 runs 534 ticks 
Current is 3007 ticks, pid 5 runs 1019 ticks 
Current is 3008 ticks, pid 5 runs 1020 ticks 
Current is 3009 ticks, pid 6 runs 1444 ticks 
Current is 3010 ticks, pid 6 runs 1445 ticks 
Current is 3011 ticks, pid 6 runs 1446 ticks 
Current is 3012 ticks, pid 5 runs 1021 ticks 
Current is 3013 ticks, pid 6 runs 1447 ticks 
Current is 3014 ticks, pid 6 runs 1448 ticks 
Current is 3015 ticks, pid 6 runs 1449 ticks 
Current is 3016 ticks, pid 5 runs 1022 ticks 
Current is 3017 ticks, pid 6 runs 1450 ticks 
Current is 3018 ticks, pid 6 runs 1451 ticks 
Current is 3019 ticks, pid 6 runs 1452 ticks 
Current is 3020 ticks, pid 4 runs 535 ticks 
Current is 3500 ticks, pid 5 runs 1164 ticks 
Current is 3501 ticks, pid 4 runs 626 ticks 
Current is 3502 ticks, pid 6 runs 1701 ticks 
Current is 3503 ticks, pid 5 runs 1165 ticks 
Current is 3504 ticks, pid 6 runs 1702 ticks 
Current is 3505 ticks, pid 5 runs 1166 ticks 
Current is 3506 ticks, pid 6 runs 1703 ticks 
Current is 3507 ticks, pid 6 runs 1704 ticks 
Current is 3508 ticks, pid 6 runs 1705 ticks 
Current is 3509 ticks, pid 6 runs 1706 ticks 
Current is 3510 ticks, pid 5 runs 1167 ticks 
Current is 3511 ticks, pid 6 runs 1707 ticks 
Current is 3512 ticks, pid 6 runs 1708 ticks 
Current is 3513 ticks, pid 5 runs 1168 ticks 
Current is 3514 ticks, pid 6 runs 1709 ticks 
Current is 3515 ticks, pid 6 runs 1710 ticks 
Current is 3516 ticks, pid 6 runs 1711 ticks 
Current is 3517 ticks, pid 5 runs 1169 ticks 
Current is 3518 ticks, pid 6 runs 1712 ticks 
Current is 3519 ticks, pid 6 runs 1713 ticks 
Current is 3520 ticks, pid 6 runs 1714 ticks 
Current is 4000 ticks, pid 6 runs 1959 ticks 
Current is 4001 ticks, pid 5 runs 1325 ticks 
Current is 4002 ticks, pid 6 runs 1960 ticks 
Current is 4003 ticks, pid 5 runs 1326 ticks 
Current is 4004 ticks, pid 6 runs 1961 ticks 
Current is 4005 ticks, pid 6 runs 1962 ticks 
Current is 4006 ticks, pid 6 runs 1963 ticks 
Current is 4007 ticks, pid 6 runs 1964 ticks 
Current is 4008 ticks, pid 6 runs 1965 ticks 
Current is 4009 ticks, pid 4 runs 707 ticks 
Current is 4010 ticks, pid 6 runs 1966 ticks 
Current is 4011 ticks, pid 6 runs 1967 ticks 
Current is 4012 ticks, pid 5 runs 1327 ticks 
Current is 4013 ticks, pid 5 runs 1328 ticks 
Current is 4014 ticks, pid 4 runs 708 ticks 
Current is 4015 ticks, pid 5 runs 1329 ticks 
Current is 4016 ticks, pid 5 runs 1330 ticks 
Current is 4017 ticks, pid 6 runs 1968 ticks 
Current is 4018 ticks, pid 6 runs 1969 ticks 
Current is 4019 ticks, pid 6 runs 1970 ticks 
Current is 4020 ticks, pid 5 runs 1331 ticks 
Current is 4500 ticks, pid 5 runs 1488 ticks 
Current is 4501 ticks, pid 4 runs 791 ticks 
Current is 4502 ticks, pid 5 runs 1489 ticks 
Current is 4503 ticks, pid 5 runs 1490 ticks 
Current is 4504 ticks, pid 6 runs 2212 ticks 
Current is 4505 ticks, pid 6 runs 2213 ticks 
Current is 4506 ticks, pid 6 runs 2214 ticks 
Current is 4507 ticks, pid 6 runs 2215 ticks 
Current is 4508 ticks, pid 5 runs 1491 ticks 
Current is 4509 ticks, pid 6 runs 2216 ticks 
Current is 4510 ticks, pid 6 runs 2217 ticks 
Current is 4511 ticks, pid 5 runs 1492 ticks 
Current is 4512 ticks, pid 6 runs 2218 ticks 
Current is 4513 ticks, pid 6 runs 2219 ticks 
Current is 4514 ticks, pid 6 runs 2220 ticks 
Current is 4515 ticks, pid 5 runs 1493 ticks 
Current is 4516 ticks, pid 5 runs 1494 ticks 
Current is 4517 ticks, pid 5 runs 1495 ticks 
Current is 4518 ticks, pid 6 runs 2221 ticks 
Current is 4519 ticks, pid 5 runs 1496 ticks 
Current is 4520 ticks, pid 4 runs 792 ticks 
Current is 5000 ticks, pid 5 runs 1659 ticks 
Current is 5001 ticks, pid 4 runs 877 ticks 
Current is 5002 ticks, pid 6 runs 2455 ticks 
Current is 5003 ticks, pid 6 runs 2456 ticks 
Current is 5004 ticks, pid 4 runs 878 ticks 
Current is 5005 ticks, pid 6 runs 2457 ticks 
Current is 5006 ticks, pid 6 runs 2458 ticks 
Current is 5007 ticks, pid 6 runs 2459 ticks 
Current is 5008 ticks, pid 6 runs 2460 ticks 
Current is 5009 ticks, pid 4 runs 879 ticks 
Current is 5010 ticks, pid 6 runs 2461 ticks 
Current is 5011 ticks, pid 5 runs 1660 ticks 
Current is 5012 ticks, pid 6 runs 2462 ticks 
Current is 5013 ticks, pid 6 runs 2463 ticks 
Current is 5014 ticks, pid 6 runs 2464 ticks 
Current is 5015 ticks, pid 5 runs 1661 ticks 
Current is 5016 ticks, pid 6 runs 2465 ticks 
Current is 5017 ticks, pid 6 runs 2466 ticks 
Current is 5018 ticks, pid 5 runs 1662 ticks 
Current is 5019 ticks, pid 6 runs 2467 ticks 
Current is 5020 ticks, pid 6 runs 2468 ticks 
Current is 5500 ticks, pid 6 runs 2715 ticks 
Current is 5501 ticks, pid 4 runs 968 ticks 
Current is 5502 ticks, pid 6 runs 2716 ticks 
Current is 5503 ticks, pid 4 runs 969 ticks 
Current is 5504 ticks, pid 4 runs 970 ticks 
Current is 5505 ticks, pid 5 runs 1808 ticks 
Current is 5506 ticks, pid 4 runs 971 ticks 
Current is 5507 ticks, pid 6 runs 2717 ticks 
Current is 5508 ticks, pid 5 runs 1809 ticks 
Current is 5509 ticks, pid 5 runs 1810 ticks 
Current is 5510 ticks, pid 6 runs 2718 ticks 
Current is 5511 ticks, pid 5 runs 1811 ticks 
Current is 5512 ticks, pid 6 runs 2719 ticks 
Current is 5513 ticks, pid 6 runs 2720 ticks 
Current is 5514 ticks, pid 5 runs 1812 ticks 
Current is 5515 ticks, pid 5 runs 1813 ticks 
Current is 5516 ticks, pid 5 runs 1814 ticks 
Current is 5517 ticks, pid 6 runs 2721 ticks 
Current is 5518 ticks, pid 4 runs 972 ticks 
Current is 5519 ticks, pid 5 runs 1815 ticks 
Current is 5520 ticks, pid 6 runs 2722 ticks 
Current is 6000 ticks, pid 4 runs 1046 ticks 
Current is 6001 ticks, pid 5 runs 1973 ticks 
Current is 6002 ticks, pid 6 runs 2972 ticks 
Current is 6003 ticks, pid 5 runs 1974 ticks 
Current is 6004 ticks, pid 5 runs 1975 ticks 
Current is 6005 ticks, pid 4 runs 1047 ticks 
Current is 6006 ticks, pid 4 runs 1048 ticks 
Current is 6007 ticks, pid 6 runs 2973 ticks 
Current is 6008 ticks, pid 5 runs 1976 ticks 
Current is 6009 ticks, pid 5 runs 1977 ticks 
Current is 6010 ticks, pid 4 runs 1049 ticks 
Current is 6011 ticks, pid 5 runs 1978 ticks 
Current is 6012 ticks, pid 6 runs 2974 ticks 
Current is 6013 ticks, pid 6 runs 2975 ticks 
Current is 6014 ticks, pid 5 runs 1979 ticks 
Current is 6015 ticks, pid 5 runs 1980 ticks 
Current is 6016 ticks, pid 6 runs 2976 ticks 
Current is 6017 ticks, pid 4 runs 1050 ticks 
Current is 6018 ticks, pid 4 runs 1051 ticks 
Current is 6019 ticks, pid 6 runs 2977 ticks 
Current is 6020 ticks, pid 5 runs 1981 ticks 
Current is 6500 ticks, pid 6 runs 3211 ticks 
Current is 6501 ticks, pid 5 runs 2151 ticks 
Current is 6502 ticks, pid 5 runs 2152 ticks 
Current is 6503 ticks, pid 4 runs 1129 ticks 
Current is 6504 ticks, pid 6 runs 3212 ticks 
Current is 6505 ticks, pid 5 runs 2153 ticks 
Current is 6506 ticks, pid 6 runs 3213 ticks 
Current is 6507 ticks, pid 5 runs 2154 ticks 
Current is 6508 ticks, pid 5 runs 2155 ticks 
Current is 6509 ticks, pid 6 runs 3214 ticks 
Current is 6510 ticks, pid 4 runs 1130 ticks 
Current is 6511 ticks, pid 4 runs 1131 ticks 
Current is 6512 ticks, pid 4 runs 1132 ticks 
Current is 6513 ticks, pid 5 runs 2156 ticks 
Current is 6514 ticks, pid 6 runs 3215 ticks 
Current is 6515 ticks, pid 5 runs 2157 ticks 
Current is 6516 ticks, pid 6 runs 3216 ticks 
Current is 6517 ticks, pid 6 runs 3217 ticks 
Current is 6518 ticks, pid 4 runs 1133 ticks 
Current is 6519 ticks, pid 6 runs 3218 ticks 
Current is 6520 ticks, pid 4 runs 1134 ticks 
Current is 7000 ticks, pid 6 runs 3446 ticks 
Current is 7001 ticks, pid 6 runs 3447 ticks 
Current is 7002 ticks, pid 4 runs 1215 ticks 
Current is 7003 ticks, pid 5 runs 2330 ticks 
Current is 7004 ticks, pid 5 runs 2331 ticks 
Current is 7005 ticks, pid 6 runs 3448 ticks 
Current is 7006 ticks, pid 6 runs 3449 ticks 
Current is 7007 ticks, pid 6 runs 3450 ticks 
Current is 7008 ticks, pid 5 runs 2332 ticks 
Current is 7009 ticks, pid 4 runs 1216 ticks 
Current is 7010 ticks, pid 6 runs 3451 ticks 
Current is 7011 ticks, pid 6 runs 3452 ticks 
Current is 7012 ticks, pid 6 runs 3453 ticks 
Current is 7013 ticks, pid 5 runs 2333 ticks 
Current is 7014 ticks, pid 5 runs 2334 ticks 
Current is 7015 ticks, pid 6 runs 3454 ticks 
Current is 7016 ticks, pid 6 runs 3455 ticks 
Current is 7017 ticks, pid 5 runs 2335 ticks 
Current is 7018 ticks, pid 5 runs 2336 ticks 
Current is 7019 ticks, pid 6 runs 3456 ticks 
Current is 7020 ticks, pid 6 runs 3457 ticks 
Current is 7500 ticks, pid 6 runs 3689 ticks 
Current is 7501 ticks, pid 5 runs 2509 ticks 
Current is 7502 ticks, pid 4 runs 1293 ticks 
Current is 7503 ticks, pid 6 runs 3690 ticks 
Current is 7504 ticks, pid 6 runs 3691 ticks 
Current is 7505 ticks, pid 6 runs 3692 ticks 
Current is 7506 ticks, pid 5 runs 2510 ticks 
Current is 7507 ticks, pid 5 runs 2511 ticks 
Current is 7508 ticks, pid 6 runs 3693 ticks 
Current is 7509 ticks, pid 6 runs 3694 ticks 
Current is 7510 ticks, pid 5 runs 2512 ticks 
Current is 7511 ticks, pid 6 runs 3695 ticks 
Current is 7512 ticks, pid 5 runs 2513 ticks 
Current is 7513 ticks, pid 6 runs 3696 ticks 
Current is 7514 ticks, pid 6 runs 3697 ticks 
Current is 7515 ticks, pid 6 runs 3698 ticks 
Current is 7516 ticks, pid 4 runs 1294 ticks 
Current is 7517 ticks, pid 5 runs 2514 ticks 
Current is 7518 ticks, pid 6 runs 3699 ticks 
Current is 7519 ticks, pid 6 runs 3700 ticks 
Current is 7520 ticks, pid 4 runs 1295 ticks 
Current is 8000 ticks, pid 5 runs 2669 ticks 
Current is 8001 ticks, pid 6 runs 3941 ticks 
Current is 8002 ticks, pid 5 runs 2670 ticks 
Current is 8003 ticks, pid 4 runs 1381 ticks 
Current is 8004 ticks, pid 6 runs 3942 ticks 
Current is 8005 ticks, pid 6 runs 3943 ticks 
Current is 8006 ticks, pid 5 runs 2671 ticks 
Current is 8007 ticks, pid 4 runs 1382 ticks 
Current is 8008 ticks, pid 6 runs 3944 ticks 
Current is 8009 ticks, pid 6 runs 3945 ticks 
Current is 8010 ticks, pid 5 runs 2672 ticks 
Current is 8011 ticks, pid 4 runs 1383 ticks 
Current is 8012 ticks, pid 5 runs 2673 ticks 
Current is 8013 ticks, pid 5 runs 2674 ticks 
Current is 8014 ticks, pid 6 runs 3946 ticks 
Current is 8015 ticks, pid 6 runs 3947 ticks 
Current is 8016 ticks, pid 6 runs 3948 ticks 
Current is 8017 ticks, pid 6 runs 3949 ticks 
Current is 8018 ticks, pid 5 runs 2675 ticks 
Current is 8019 ticks, pid 5 runs 2676 ticks 
Current is 8020 ticks, pid 5 runs 2677 ticks 
Current is 8500 ticks, pid 5 runs 2831 ticks 
Current is 8501 ticks, pid 6 runs 4193 ticks 
Current is 8502 ticks, pid 5 runs 2832 ticks 
Current is 8503 ticks, pid 5 runs 2833 ticks 
Current is 8504 ticks, pid 6 runs 4194 ticks 
Current is 8505 ticks, pid 5 runs 2834 ticks 
Current is 8506 ticks, pid 6 runs 4195 ticks 
Current is 8507 ticks, pid 6 runs 4196 ticks 
Current is 8508 ticks, pid 5 runs 2835 ticks 
Current is 8509 ticks, pid 6 runs 4197 ticks 
Current is 8510 ticks, pid 5 runs 2836 ticks 
Current is 8511 ticks, pid 6 runs 4198 ticks 
Current is 8512 ticks, pid 5 runs 2837 ticks 
Current is 8513 ticks, pid 5 runs 2838 ticks 
Current is 8514 ticks, pid 5 runs 2839 ticks 
Current is 8515 ticks, pid 5 runs 2840 ticks 
Current is 8516 ticks, pid 6 runs 4199 ticks 
Current is 8517 ticks, pid 5 runs 2841 ticks 
Current is 8518 ticks, pid 5 runs 2842 ticks 
Current is 8519 ticks, pid 5 runs 2843 ticks 
Current is 8520 ticks, pid 6 runs 4200 ticks 
Current is 9000 ticks, pid 4 runs 1558 ticks 
Current is 9001 ticks, pid 6 runs 4429 ticks 
Current is 9002 ticks, pid 5 runs 3004 ticks 
Current is 9003 ticks, pid 6 runs 4430 ticks 
Current is 9004 ticks, pid 6 runs 4431 ticks 
Current is 9005 ticks, pid 6 runs 4432 ticks 
Current is 9006 ticks, pid 6 runs 4433 ticks 
Current is 9007 ticks, pid 6 runs 4434 ticks 
Current is 9008 ticks, pid 4 runs 1559 ticks 
Current is 9009 ticks, pid 4 runs 1560 ticks 
Current is 9010 ticks, pid 6 runs 4435 ticks 
Current is 9011 ticks, pid 4 runs 1561 ticks 
Current is 9012 ticks, pid 6 runs 4436 ticks 
Current is 9013 ticks, pid 6 runs 4437 ticks 
Current is 9014 ticks, pid 5 runs 3005 ticks 
Current is 9015 ticks, pid 5 runs 3006 ticks 
Current is 9016 ticks, pid 5 runs 3007 ticks 
Current is 9017 ticks, pid 6 runs 4438 ticks 
Current is 9018 ticks, pid 5 runs 3008 ticks 
Current is 9019 ticks, pid 4 runs 1562 ticks 
Current is 9020 ticks, pid 5 runs 3009 ticks 
Current is 9500 ticks, pid 6 runs 4649 ticks 
Current is 9501 ticks, pid 6 runs 4650 ticks 
Current is 9502 ticks, pid 6 runs 4651 ticks 
Current is 9503 ticks, pid 6 runs 4652 ticks 
Current is 9504 ticks, pid 4 runs 1650 ticks 
Current is 9505 ticks, pid 6 runs 4653 ticks 
Current is 9506 ticks, pid 5 runs 3192 ticks 
Current is 9507 ticks, pid 4 runs 1651 ticks 
Current is 9508 ticks, pid 4 runs 1652 ticks 
Current is 9509 ticks, pid 6 runs 4654 ticks 
Current is 9510 ticks, pid 5 runs 3193 ticks 
Current is 9511 ticks, pid 6 runs 4655 ticks 
Current is 9512 ticks, pid 6 runs 4656 ticks 
Current is 9513 ticks, pid 5 runs 3194 ticks 
Current is 9514 ticks, pid 5 runs 3195 ticks 
Current is 9515 ticks, pid 5 runs 3196 ticks 
Current is 9516 ticks, pid 4 runs 1653 ticks 
Current is 9517 ticks, pid 5 runs 3197 ticks 
Current is 9518 ticks, pid 4 runs 1654 ticks 
Current is 9519 ticks, pid 4 runs 1655 ticks 
Current is 9520 ticks, pid 6 runs 4657 ticks 
Current is 10000 ticks, pid 4 runs 1748 ticks 
Current is 10001 ticks, pid 5 runs 3366 ticks 
Current is 10002 ticks, pid 6 runs 4877 ticks 
Current is 10003 ticks, pid 5 runs 3367 ticks 
Current is 10004 ticks, pid 5 runs 3368 ticks 
Current is 10005 ticks, pid 5 runs 3369 ticks 
Current is 10006 ticks, pid 6 runs 4878 ticks 
Current is 10007 ticks, pid 4 runs 1749 ticks 
Current is 10008 ticks, pid 5 runs 3370 ticks 
Current is 10009 ticks, pid 4 runs 1750 ticks 
Current is 10010 ticks, pid 6 runs 4879 ticks 
Current is 10011 ticks, pid 6 runs 4880 ticks 
Current is 10012 ticks, pid 5 runs 3371 ticks 
Current is 10013 ticks, pid 6 runs 4881 ticks 
Current is 10014 ticks, pid 6 runs 4882 ticks 
Current is 10015 ticks, pid 5 runs 3372 ticks 
Current is 10016 ticks, pid 6 runs 4883 ticks 
Current is 10017 ticks, pid 4 runs 1751 ticks 
Current is 10018 ticks, pid 5 runs 3373 ticks 
Current is 10019 ticks, pid 6 runs 4884 ticks 
Current is 10020 ticks, pid 5 runs 3374 ticks 
QEMU: Terminated
